<?xml version="1.0" encoding="UTF-8"?>
<!-- Generated by org.testng.reporters.JUnitReportReporter -->
<testsuite hostname="LAPTOP-78FE9VUC" failures="0" tests="6" name="adminpages_edd.Admin_Login_010_014_EDD" time="59.935" errors="0" timestamp="2022-03-19T12:34:47 IST" skipped="0">
  <testcase classname="adminpages_edd.Admin_Login_010_014_EDD" name="userLogin" time="12.100"/>
  <system-out/>
  <testcase classname="adminpages_edd.Admin_Login_010_014_EDD" name="userLogin" time="10.957"/>
  <system-out/>
  <testcase classname="adminpages_edd.Admin_Login_010_014_EDD" name="userLogin" time="8.687"/>
  <system-out/>
  <testcase classname="adminpages_edd.Admin_Login_010_014_EDD" name="userLogin" time="7.880"/>
  <system-out/>
  <testcase classname="adminpages_edd.Admin_Login_010_014_EDD" name="userLogin" time="12.009"/>
  <system-out/>
  <testcase classname="adminpages_edd.Admin_Login_010_014_EDD" name="userLogin" time="8.302"/>
  <system-out/>
</testsuite> <!-- adminpages_edd.Admin_Login_010_014_EDD -->
