<?xml version="1.0" encoding="UTF-8"?>
<!-- Generated by org.testng.reporters.JUnitReportReporter -->
<testsuite hostname="LAPTOP-78FE9VUC" failures="0" tests="1" name="adminpages_tc.Admin_Login_019" time="0.000" errors="0" timestamp="2022-03-19T12:34:26 IST" skipped="0">
  <testcase classname="adminpages_tc.Admin_Login_019" name="f" time="0.000"/>
  <system-out/>
</testsuite> <!-- adminpages_tc.Admin_Login_019 -->
